<?xml version="1.0" encoding="UTF-8"?>
<testsuite name="CountTest" tests="5" skipped="0" failures="0" errors="0" timestamp="2024-03-25T08:02:32" hostname="WHM的神秘电脑" time="0.005">
  <properties/>
  <testcase name="testGeCount()" classname="CountTest" time="0.001"/>
  <testcase name="testObjectEqualsNeg()" classname="CountTest" time="0.001"/>
  <testcase name="testObjectEqualsPos()" classname="CountTest" time="0.0"/>
  <testcase name="testIncrementCount()" classname="CountTest" time="0.0"/>
  <testcase name="testGetObj()" classname="CountTest" time="0.0"/>
  <system-out><![CDATA[]]></system-out>
  <system-err><![CDATA[]]></system-err>
</testsuite>
