<?xml version="1.0" encoding="UTF-8"?>
<testsuite name="ArrayProgramTest" tests="1" skipped="0" failures="0" errors="0" timestamp="2024-04-01T06:15:01" hostname="WHM的神秘电脑" time="0.006">
  <properties/>
  <testcase name="getMainOutput()" classname="ArrayProgramTest" time="0.006"/>
  <system-out><![CDATA[I
am
the
eggman

]]></system-out>
  <system-err><![CDATA[]]></system-err>
</testsuite>
